\BOOKMARK [0][-]{chapter.1}{\376\377\0001\000\040\000M\000a\000i\000n\000\040\000P\000a\000g\000e}{}% 1
\BOOKMARK [0][-]{chapter.2}{\376\377\0002\000\040\000F\000r\000a\000m\000e\000w\000o\000r\000k\000\040\000D\000e\000e\000p\000l\000e\000a\000r\000n\000i\000n\000g\0004\000j}{}% 2
\BOOKMARK [1][-]{section.2.1}{\376\377\0002\000.\0001\000\040\007\042\000e\000r\000s\000c\000h\000r\000i\000f\000t\000\040\0001}{chapter.2}% 3
\BOOKMARK [0][-]{chapter.3}{\376\377\0003\000\040\000A\000r\000b\000e\000i\000t\000s\000w\000e\000i\000s\000e}{}% 4
\BOOKMARK [1][-]{section.3.1}{\376\377\0003\000.\0001\000\040\000E\000i\000n\000g\000a\000b\000e\000d\000a\000t\000e\000n}{chapter.3}% 5
\BOOKMARK [1][-]{section.3.2}{\376\377\0003\000.\0002\000\040\000K\000l\000a\000s\000s\000i\000f\000i\000z\000i\000e\000r\000u\000n\000g\000\040\000d\000e\000r\000\040\000E\000i\000n\000g\000a\000b\000e\000d\000a\000t\000e\000n}{chapter.3}% 6
\BOOKMARK [0][-]{chapter.4}{\376\377\0004\000\040\000T\000o\000d\000o\000\040\000L\000i\000s\000t}{}% 7
\BOOKMARK [0][-]{chapter.5}{\376\377\0005\000\040\000N\000a\000m\000e\000s\000p\000a\000c\000e\000\040\000I\000n\000d\000e\000x}{}% 8
\BOOKMARK [1][-]{section.5.1}{\376\377\0005\000.\0001\000\040\000N\000a\000m\000e\000s\000p\000a\000c\000e\000\040\000L\000i\000s\000t}{chapter.5}% 9
\BOOKMARK [0][-]{chapter.6}{\376\377\0006\000\040\000H\000i\000e\000r\000a\000r\000c\000h\000i\000c\000a\000l\000\040\000I\000n\000d\000e\000x}{}% 10
\BOOKMARK [1][-]{section.6.1}{\376\377\0006\000.\0001\000\040\000C\000l\000a\000s\000s\000\040\000H\000i\000e\000r\000a\000r\000c\000h\000y}{chapter.6}% 11
\BOOKMARK [0][-]{chapter.7}{\376\377\0007\000\040\000C\000l\000a\000s\000s\000\040\000I\000n\000d\000e\000x}{}% 12
\BOOKMARK [1][-]{section.7.1}{\376\377\0007\000.\0001\000\040\000C\000l\000a\000s\000s\000\040\000L\000i\000s\000t}{chapter.7}% 13
\BOOKMARK [0][-]{chapter.8}{\376\377\0008\000\040\000F\000i\000l\000e\000\040\000I\000n\000d\000e\000x}{}% 14
\BOOKMARK [1][-]{section.8.1}{\376\377\0008\000.\0001\000\040\000F\000i\000l\000e\000\040\000L\000i\000s\000t}{chapter.8}% 15
\BOOKMARK [0][-]{chapter.9}{\376\377\0009\000\040\000N\000a\000m\000e\000s\000p\000a\000c\000e\000\040\000D\000o\000c\000u\000m\000e\000n\000t\000a\000t\000i\000o\000n}{}% 16
\BOOKMARK [1][-]{section.9.1}{\376\377\0009\000.\0001\000\040\000P\000a\000c\000k\000a\000g\000e\000\040\000A\000p\000p\000l\000i\000c\000a\000t\000i\000o\000n}{chapter.9}% 17
\BOOKMARK [1][-]{section.9.2}{\376\377\0009\000.\0002\000\040\000P\000a\000c\000k\000a\000g\000e\000\040\000I\000m\000p\000o\000r\000t}{chapter.9}% 18
\BOOKMARK [1][-]{section.9.3}{\376\377\0009\000.\0003\000\040\000P\000a\000c\000k\000a\000g\000e\000\040\000R\000e\000d\000u\000c\000e\000d\000I\000n\000v\000o\000i\000c\000e}{chapter.9}% 19
\BOOKMARK [0][-]{chapter.10}{\376\377\0001\0000\000\040\000C\000l\000a\000s\000s\000\040\000D\000o\000c\000u\000m\000e\000n\000t\000a\000t\000i\000o\000n}{}% 20
\BOOKMARK [1][-]{section.10.1}{\376\377\0001\0000\000.\0001\000\040\000R\000e\000d\000u\000c\000e\000d\000I\000n\000v\000o\000i\000c\000e\000.\000A\000I\000n\000v\000o\000i\000c\000e\000\040\000C\000l\000a\000s\000s\000\040\000R\000e\000f\000e\000r\000e\000n\000c\000e}{chapter.10}% 21
\BOOKMARK [2][-]{subsection.10.1.1}{\376\377\0001\0000\000.\0001\000.\0001\000\040\000D\000e\000t\000a\000i\000l\000e\000d\000\040\000D\000e\000s\000c\000r\000i\000p\000t\000i\000o\000n}{section.10.1}% 22
\BOOKMARK [2][-]{subsection.10.1.2}{\376\377\0001\0000\000.\0001\000.\0002\000\040\000M\000e\000m\000b\000e\000r\000\040\000F\000u\000n\000c\000t\000i\000o\000n\000\040\000D\000o\000c\000u\000m\000e\000n\000t\000a\000t\000i\000o\000n}{section.10.1}% 23
\BOOKMARK [3][-]{subsubsection.10.1.2.1}{\376\377\0001\0000\000.\0001\000.\0002\000.\0001\000\040\000a\000d\000d\000P\000o\000s\000i\000t\000i\000o\000n\000\050\000P\000o\000s\000i\000t\000i\000o\000n\000\040\000p\000\051}{subsection.10.1.2}% 24
\BOOKMARK [3][-]{subsubsection.10.1.2.2}{\376\377\0001\0000\000.\0001\000.\0002\000.\0002\000\040\000a\000d\000d\000P\000o\000s\000i\000t\000i\000o\000n\000\050\000S\000t\000r\000i\000n\000g\000\040\000d\000e\000s\000c\000,\000\040\000P\000r\000i\000c\000e\000\040\000p\000,\000\040\000S\000t\000r\000i\000n\000g\000\040\000m\000m\000,\000\040\000i\000n\000t\000\040\000a\000m\000o\000u\000n\000t\000,\000\040\000i\000n\000t\000\040\000t\000a\000x\000\051}{subsection.10.1.2}% 25
\BOOKMARK [3][-]{subsubsection.10.1.2.3}{\376\377\0001\0000\000.\0001\000.\0002\000.\0003\000\040\000g\000e\000t\000B\000u\000y\000e\000r\000N\000a\000m\000e\000\050\000\051}{subsection.10.1.2}% 26
\BOOKMARK [3][-]{subsubsection.10.1.2.4}{\376\377\0001\0000\000.\0001\000.\0002\000.\0004\000\040\000g\000e\000t\000C\000u\000r\000r\000e\000n\000c\000y\000\050\000\051}{subsection.10.1.2}% 27
\BOOKMARK [3][-]{subsubsection.10.1.2.5}{\376\377\0001\0000\000.\0001\000.\0002\000.\0005\000\040\000g\000e\000t\000I\000n\000v\000o\000i\000c\000e\000D\000a\000t\000e\000\050\000\051}{subsection.10.1.2}% 28
\BOOKMARK [3][-]{subsubsection.10.1.2.6}{\376\377\0001\0000\000.\0001\000.\0002\000.\0006\000\040\000g\000e\000t\000I\000n\000v\000o\000i\000c\000e\000N\000u\000m\000b\000e\000r\000\050\000\051}{subsection.10.1.2}% 29
\BOOKMARK [3][-]{subsubsection.10.1.2.7}{\376\377\0001\0000\000.\0001\000.\0002\000.\0007\000\040\000g\000e\000t\000P\000o\000s\000i\000t\000i\000o\000n\000\050\000i\000n\000t\000\040\000i\000n\000d\000e\000x\000\051}{subsection.10.1.2}% 30
\BOOKMARK [3][-]{subsubsection.10.1.2.8}{\376\377\0001\0000\000.\0001\000.\0002\000.\0008\000\040\000g\000e\000t\000P\000o\000s\000i\000t\000i\000o\000n\000s\000\050\000\051}{subsection.10.1.2}% 31
\BOOKMARK [3][-]{subsubsection.10.1.2.9}{\376\377\0001\0000\000.\0001\000.\0002\000.\0009\000\040\000g\000e\000t\000P\000o\000s\000i\000t\000i\000o\000n\000s\000L\000e\000n\000g\000t\000h\000\050\000\051}{subsection.10.1.2}% 32
\BOOKMARK [3][-]{subsubsection.10.1.2.10}{\376\377\0001\0000\000.\0001\000.\0002\000.\0001\0000\000\040\000g\000e\000t\000S\000e\000l\000l\000e\000r\000N\000a\000m\000e\000\050\000\051}{subsection.10.1.2}% 33
\BOOKMARK [3][-]{subsubsection.10.1.2.11}{\376\377\0001\0000\000.\0001\000.\0002\000.\0001\0001\000\040\000g\000e\000t\000T\000o\000t\000a\000l\000P\000r\000i\000c\000e\000\050\000\051}{subsection.10.1.2}% 34
\BOOKMARK [3][-]{subsubsection.10.1.2.12}{\376\377\0001\0000\000.\0001\000.\0002\000.\0001\0002\000\040\000s\000e\000t\000B\000u\000y\000e\000r\000N\000a\000m\000e\000\050\000S\000t\000r\000i\000n\000g\000\040\000b\000u\000y\000e\000r\000N\000a\000m\000e\000\051}{subsection.10.1.2}% 35
\BOOKMARK [3][-]{subsubsection.10.1.2.13}{\376\377\0001\0000\000.\0001\000.\0002\000.\0001\0003\000\040\000s\000e\000t\000C\000u\000r\000r\000e\000n\000c\000y\000\050\000S\000t\000r\000i\000n\000g\000\040\000c\000u\000r\000r\000e\000n\000c\000y\000\051}{subsection.10.1.2}% 36
\BOOKMARK [3][-]{subsubsection.10.1.2.14}{\376\377\0001\0000\000.\0001\000.\0002\000.\0001\0004\000\040\000s\000e\000t\000I\000n\000v\000o\000i\000c\000e\000D\000a\000t\000e\000\050\000D\000a\000t\000e\000\040\000i\000n\000v\000o\000i\000c\000e\000D\000a\000t\000e\000\051}{subsection.10.1.2}% 37
\BOOKMARK [3][-]{subsubsection.10.1.2.15}{\376\377\0001\0000\000.\0001\000.\0002\000.\0001\0005\000\040\000s\000e\000t\000I\000n\000v\000o\000i\000c\000e\000N\000u\000m\000b\000e\000r\000\050\000S\000t\000r\000i\000n\000g\000\040\000i\000n\000v\000o\000i\000c\000e\000N\000u\000m\000b\000e\000r\000\051}{subsection.10.1.2}% 38
\BOOKMARK [3][-]{subsubsection.10.1.2.16}{\376\377\0001\0000\000.\0001\000.\0002\000.\0001\0006\000\040\000s\000e\000t\000P\000o\000s\000i\000t\000i\000o\000n\000\050\000P\000o\000s\000i\000t\000i\000o\000n\000\040\000p\000o\000s\000i\000t\000i\000o\000n\000,\000\040\000i\000n\000t\000\040\000i\000n\000d\000e\000x\000\051}{subsection.10.1.2}% 39
\BOOKMARK [3][-]{subsubsection.10.1.2.17}{\376\377\0001\0000\000.\0001\000.\0002\000.\0001\0007\000\040\000s\000e\000t\000P\000o\000s\000i\000t\000i\000o\000n\000A\000m\000o\000u\000n\000t\000\050\000i\000n\000t\000\040\000a\000m\000o\000u\000n\000t\000,\000\040\000i\000n\000t\000\040\000i\000n\000d\000e\000x\000\051}{subsection.10.1.2}% 40
\BOOKMARK [3][-]{subsubsection.10.1.2.18}{\376\377\0001\0000\000.\0001\000.\0002\000.\0001\0008\000\040\000s\000e\000t\000P\000o\000s\000i\000t\000i\000o\000n\000D\000e\000s\000c\000r\000i\000p\000t\000i\000o\000n\000\050\000S\000t\000r\000i\000n\000g\000\040\000d\000e\000s\000c\000r\000i\000p\000t\000i\000o\000n\000,\000\040\000i\000n\000t\000\040\000i\000n\000d\000e\000x\000\051}{subsection.10.1.2}% 41
\BOOKMARK [3][-]{subsubsection.10.1.2.19}{\376\377\0001\0000\000.\0001\000.\0002\000.\0001\0009\000\040\000s\000e\000t\000P\000o\000s\000i\000t\000i\000o\000n\000P\000r\000i\000c\000e\000\050\000P\000r\000i\000c\000e\000\040\000p\000r\000i\000c\000e\000,\000\040\000i\000n\000t\000\040\000i\000n\000d\000e\000x\000\051}{subsection.10.1.2}% 42
\BOOKMARK [3][-]{subsubsection.10.1.2.20}{\376\377\0001\0000\000.\0001\000.\0002\000.\0002\0000\000\040\000s\000e\000t\000P\000o\000s\000i\000t\000i\000o\000n\000T\000a\000x\000R\000a\000t\000e\000\050\000i\000n\000t\000\040\000t\000a\000x\000r\000a\000t\000e\000,\000\040\000i\000n\000t\000\040\000i\000n\000d\000e\000x\000\051}{subsection.10.1.2}% 43
\BOOKMARK [3][-]{subsubsection.10.1.2.21}{\376\377\0001\0000\000.\0001\000.\0002\000.\0002\0001\000\040\000s\000e\000t\000S\000e\000l\000l\000e\000r\000N\000a\000m\000e\000\050\000S\000t\000r\000i\000n\000g\000\040\000s\000e\000l\000l\000e\000r\000N\000a\000m\000e\000\051}{subsection.10.1.2}% 44
\BOOKMARK [3][-]{subsubsection.10.1.2.22}{\376\377\0001\0000\000.\0001\000.\0002\000.\0002\0002\000\040\000s\000e\000t\000T\000o\000t\000a\000l\000P\000r\000i\000c\000e\000\050\000P\000r\000i\000c\000e\000\040\000t\000o\000t\000a\000l\000P\000r\000i\000c\000e\000\051}{subsection.10.1.2}% 45
\BOOKMARK [2][-]{subsection.10.1.3}{\376\377\0001\0000\000.\0001\000.\0003\000\040\000M\000e\000m\000b\000e\000r\000\040\000D\000a\000t\000a\000\040\000D\000o\000c\000u\000m\000e\000n\000t\000a\000t\000i\000o\000n}{section.10.1}% 46
\BOOKMARK [3][-]{subsubsection.10.1.3.1}{\376\377\0001\0000\000.\0001\000.\0003\000.\0001\000\040\000b\000u\000y\000e\000r\000N\000a\000m\000e}{subsection.10.1.3}% 47
\BOOKMARK [3][-]{subsubsection.10.1.3.2}{\376\377\0001\0000\000.\0001\000.\0003\000.\0002\000\040\000C\000u\000r\000r\000e\000n\000c\000y}{subsection.10.1.3}% 48
\BOOKMARK [3][-]{subsubsection.10.1.3.3}{\376\377\0001\0000\000.\0001\000.\0003\000.\0003\000\040\000M\000e\000t\000a\000D\000a\000t\000a}{subsection.10.1.3}% 49
\BOOKMARK [3][-]{subsubsection.10.1.3.4}{\376\377\0001\0000\000.\0001\000.\0003\000.\0004\000\040\000P\000o\000s\000i\000t\000i\000o\000n\000s}{subsection.10.1.3}% 50
\BOOKMARK [3][-]{subsubsection.10.1.3.5}{\376\377\0001\0000\000.\0001\000.\0003\000.\0005\000\040\000s\000e\000l\000l\000e\000r\000N\000a\000m\000e}{subsection.10.1.3}% 51
\BOOKMARK [3][-]{subsubsection.10.1.3.6}{\376\377\0001\0000\000.\0001\000.\0003\000.\0006\000\040\000T\000o\000t\000a\000l\000P\000r\000i\000c\000e}{subsection.10.1.3}% 52
\BOOKMARK [1][-]{section.10.2}{\376\377\0001\0000\000.\0002\000\040\000R\000e\000d\000u\000c\000e\000d\000I\000n\000v\000o\000i\000c\000e\000.\000I\000n\000v\000o\000i\000c\000e\000R\000e\000d\000u\000c\000e\000r\000\040\000C\000l\000a\000s\000s\000\040\000R\000e\000f\000e\000r\000e\000n\000c\000e}{chapter.10}% 53
\BOOKMARK [2][-]{subsection.10.2.1}{\376\377\0001\0000\000.\0002\000.\0001\000\040\000D\000e\000t\000a\000i\000l\000e\000d\000\040\000D\000e\000s\000c\000r\000i\000p\000t\000i\000o\000n}{section.10.2}% 54
\BOOKMARK [2][-]{subsection.10.2.2}{\376\377\0001\0000\000.\0002\000.\0002\000\040\000M\000e\000m\000b\000e\000r\000\040\000F\000u\000n\000c\000t\000i\000o\000n\000\040\000D\000o\000c\000u\000m\000e\000n\000t\000a\000t\000i\000o\000n}{section.10.2}% 55
\BOOKMARK [3][-]{subsubsection.10.2.2.1}{\376\377\0001\0000\000.\0002\000.\0002\000.\0001\000\040\000A\000d\000d\000M\000e\000t\000a\000I\000n\000f\000o\000r\000m\000a\000t\000i\000o\000n\000\050\000I\000n\000v\000o\000i\000c\000e\000\040\000i\000n\000v\000o\000i\000c\000e\000,\000\040\000R\000I\000n\000v\000o\000i\000c\000e\000\040\000r\000e\000t\000u\000r\000n\000V\000a\000l\000u\000e\000\051}{subsection.10.2.2}% 56
\BOOKMARK [3][-]{subsubsection.10.2.2.2}{\376\377\0001\0000\000.\0002\000.\0002\000.\0002\000\040\000A\000d\000d\000P\000o\000s\000i\000t\000i\000o\000n\000s\000\050\000I\000n\000v\000o\000i\000c\000e\000\040\000i\000n\000v\000o\000i\000c\000e\000,\000\040\000R\000I\000n\000v\000o\000i\000c\000e\000\040\000r\000e\000t\000u\000r\000n\000V\000a\000l\000u\000e\000\051}{subsection.10.2.2}% 57
\BOOKMARK [3][-]{subsubsection.10.2.2.3}{\376\377\0001\0000\000.\0002\000.\0002\000.\0003\000\040\000c\000h\000e\000c\000k\000M\000o\000n\000e\000t\000a\000r\000y\000S\000u\000m\000m\000a\000t\000i\000o\000n\000\050\000M\000o\000n\000e\000t\000a\000r\000y\000S\000u\000m\000m\000a\000t\000i\000o\000n\000\040\000g\000e\000s\000a\000m\000t\000p\000r\000e\000i\000s\000\051}{subsection.10.2.2}% 58
\BOOKMARK [3][-]{subsubsection.10.2.2.4}{\376\377\0001\0000\000.\0002\000.\0002\000.\0004\000\040\000C\000o\000n\000v\000e\000r\000t\000I\000n\000v\000o\000i\000c\000e\000T\000o\000R\000i\000n\000v\000o\000i\000c\000e\000\050\000I\000n\000v\000o\000i\000c\000e\000\040\000i\000n\000v\000o\000i\000c\000e\000\051}{subsection.10.2.2}% 59
\BOOKMARK [3][-]{subsubsection.10.2.2.5}{\376\377\0001\0000\000.\0002\000.\0002\000.\0005\000\040\000g\000e\000t\000E\000x\000c\000e\000p\000t\000i\000o\000n\000C\000o\000u\000n\000t\000e\000r\000\050\000\051}{subsection.10.2.2}% 60
\BOOKMARK [3][-]{subsubsection.10.2.2.6}{\376\377\0001\0000\000.\0002\000.\0002\000.\0006\000\040\000g\000e\000t\000I\000n\000s\000t\000a\000n\000c\000e\000\050\000\051}{subsection.10.2.2}% 61
\BOOKMARK [3][-]{subsubsection.10.2.2.7}{\376\377\0001\0000\000.\0002\000.\0002\000.\0007\000\040\000R\000e\000d\000u\000c\000e\000d\000I\000n\000v\000o\000i\000c\000e\000L\000i\000s\000t\000\050\000L\000i\000s\000t\000<\000\040\000I\000n\000v\000o\000i\000c\000e\000\040\000>\000\040\000I\000n\000v\000o\000i\000c\000e\000L\000i\000s\000t\000,\000\040\000L\000i\000s\000t\000<\000\040\000A\000I\000n\000v\000o\000i\000c\000e\000\040\000>\000\040\000R\000e\000d\000u\000c\000e\000d\000I\000n\000v\000o\000i\000c\000e\000L\000i\000s\000t\000\051}{subsection.10.2.2}% 62
\BOOKMARK [1][-]{section.10.3}{\376\377\0001\0000\000.\0003\000\040\000R\000e\000d\000u\000c\000e\000d\000I\000n\000v\000o\000i\000c\000e\000.\000M\000e\000t\000a\000d\000a\000t\000a\000\040\000C\000l\000a\000s\000s\000\040\000R\000e\000f\000e\000r\000e\000n\000c\000e}{chapter.10}% 63
\BOOKMARK [2][-]{subsection.10.3.1}{\376\377\0001\0000\000.\0003\000.\0001\000\040\000D\000e\000t\000a\000i\000l\000e\000d\000\040\000D\000e\000s\000c\000r\000i\000p\000t\000i\000o\000n}{section.10.3}% 64
\BOOKMARK [2][-]{subsection.10.3.2}{\376\377\0001\0000\000.\0003\000.\0002\000\040\000M\000e\000m\000b\000e\000r\000\040\000F\000u\000n\000c\000t\000i\000o\000n\000\040\000D\000o\000c\000u\000m\000e\000n\000t\000a\000t\000i\000o\000n}{section.10.3}% 65
\BOOKMARK [3][-]{subsubsection.10.3.2.1}{\376\377\0001\0000\000.\0003\000.\0002\000.\0001\000\040\000g\000e\000t\000B\000r\000a\000n\000c\000h\000K\000e\000y\000\050\000\051}{subsection.10.3.2}% 66
\BOOKMARK [3][-]{subsubsection.10.3.2.2}{\376\377\0001\0000\000.\0003\000.\0002\000.\0002\000\040\000s\000e\000t\000B\000r\000a\000n\000c\000h\000K\000e\000y\000\050\000S\000t\000r\000i\000n\000g\000\040\000b\000r\000a\000n\000c\000h\000K\000e\000y\000\051}{subsection.10.3.2}% 67
\BOOKMARK [1][-]{section.10.4}{\376\377\0001\0000\000.\0004\000\040\000R\000e\000d\000u\000c\000e\000d\000I\000n\000v\000o\000i\000c\000e\000.\000P\000o\000s\000i\000t\000i\000o\000n\000\040\000C\000l\000a\000s\000s\000\040\000R\000e\000f\000e\000r\000e\000n\000c\000e}{chapter.10}% 68
\BOOKMARK [2][-]{subsection.10.4.1}{\376\377\0001\0000\000.\0004\000.\0001\000\040\000D\000e\000t\000a\000i\000l\000e\000d\000\040\000D\000e\000s\000c\000r\000i\000p\000t\000i\000o\000n}{section.10.4}% 69
\BOOKMARK [2][-]{subsection.10.4.2}{\376\377\0001\0000\000.\0004\000.\0002\000\040\000C\000o\000n\000s\000t\000r\000u\000c\000t\000o\000r\000\040\000\046\000\040\000D\000e\000s\000t\000r\000u\000c\000t\000o\000r\000\040\000D\000o\000c\000u\000m\000e\000n\000t\000a\000t\000i\000o\000n}{section.10.4}% 70
\BOOKMARK [3][-]{subsubsection.10.4.2.1}{\376\377\0001\0000\000.\0004\000.\0002\000.\0001\000\040\000P\000o\000s\000i\000t\000i\000o\000n\000\050\000S\000t\000r\000i\000n\000g\000\040\000D\000e\000s\000c\000r\000i\000p\000t\000i\000o\000n\000,\000\040\000P\000r\000i\000c\000e\000\040\000P\000o\000s\000i\000t\000i\000o\000n\000P\000r\000i\000c\000e\000,\000\040\000S\000t\000r\000i\000n\000g\000\040\000M\000e\000a\000s\000u\000r\000e\000M\000e\000n\000t\000,\000\040\000i\000n\000t\000\040\000A\000m\000o\000u\000n\000t\000,\000\040\000i\000n\000t\000\040\000T\000a\000x\000r\000a\000t\000e\000\051}{subsection.10.4.2}% 71
\BOOKMARK [2][-]{subsection.10.4.3}{\376\377\0001\0000\000.\0004\000.\0003\000\040\000M\000e\000m\000b\000e\000r\000\040\000F\000u\000n\000c\000t\000i\000o\000n\000\040\000D\000o\000c\000u\000m\000e\000n\000t\000a\000t\000i\000o\000n}{section.10.4}% 72
\BOOKMARK [3][-]{subsubsection.10.4.3.1}{\376\377\0001\0000\000.\0004\000.\0003\000.\0001\000\040\000g\000e\000t\000A\000m\000o\000u\000n\000t\000\050\000\051}{subsection.10.4.3}% 73
\BOOKMARK [3][-]{subsubsection.10.4.3.2}{\376\377\0001\0000\000.\0004\000.\0003\000.\0002\000\040\000g\000e\000t\000D\000e\000s\000c\000r\000i\000p\000t\000i\000o\000n\000\050\000\051}{subsection.10.4.3}% 74
\BOOKMARK [3][-]{subsubsection.10.4.3.3}{\376\377\0001\0000\000.\0004\000.\0003\000.\0003\000\040\000g\000e\000t\000P\000o\000s\000i\000t\000i\000o\000n\000P\000r\000i\000c\000e\000\050\000\051}{subsection.10.4.3}% 75
\BOOKMARK [3][-]{subsubsection.10.4.3.4}{\376\377\0001\0000\000.\0004\000.\0003\000.\0004\000\040\000g\000e\000t\000T\000a\000x\000r\000a\000t\000e\000\050\000\051}{subsection.10.4.3}% 76
\BOOKMARK [3][-]{subsubsection.10.4.3.5}{\376\377\0001\0000\000.\0004\000.\0003\000.\0005\000\040\000s\000e\000t\000A\000m\000o\000u\000n\000t\000\050\000i\000n\000t\000\040\000a\000m\000o\000u\000n\000t\000\051}{subsection.10.4.3}% 77
\BOOKMARK [3][-]{subsubsection.10.4.3.6}{\376\377\0001\0000\000.\0004\000.\0003\000.\0006\000\040\000s\000e\000t\000D\000e\000s\000c\000r\000i\000p\000t\000i\000o\000n\000\050\000S\000t\000r\000i\000n\000g\000\040\000d\000e\000s\000c\000r\000i\000t\000i\000o\000n\000\051}{subsection.10.4.3}% 78
\BOOKMARK [3][-]{subsubsection.10.4.3.7}{\376\377\0001\0000\000.\0004\000.\0003\000.\0007\000\040\000s\000e\000t\000P\000o\000s\000i\000t\000i\000o\000n\000P\000r\000i\000c\000e\000\050\000P\000r\000i\000c\000e\000\040\000p\000o\000s\000i\000t\000i\000o\000n\000P\000r\000i\000c\000e\000\051}{subsection.10.4.3}% 79
\BOOKMARK [3][-]{subsubsection.10.4.3.8}{\376\377\0001\0000\000.\0004\000.\0003\000.\0008\000\040\000s\000e\000t\000T\000a\000x\000r\000a\000t\000e\000\050\000i\000n\000t\000\040\000t\000a\000x\000r\000a\000t\000e\000\051}{subsection.10.4.3}% 80
\BOOKMARK [1][-]{section.10.5}{\376\377\0001\0000\000.\0005\000\040\000R\000e\000d\000u\000c\000e\000d\000I\000n\000v\000o\000i\000c\000e\000.\000P\000r\000i\000c\000e\000\040\000C\000l\000a\000s\000s\000\040\000R\000e\000f\000e\000r\000e\000n\000c\000e}{chapter.10}% 81
\BOOKMARK [2][-]{subsection.10.5.1}{\376\377\0001\0000\000.\0005\000.\0001\000\040\000D\000e\000t\000a\000i\000l\000e\000d\000\040\000D\000e\000s\000c\000r\000i\000p\000t\000i\000o\000n}{section.10.5}% 82
\BOOKMARK [2][-]{subsection.10.5.2}{\376\377\0001\0000\000.\0005\000.\0002\000\040\000C\000o\000n\000s\000t\000r\000u\000c\000t\000o\000r\000\040\000\046\000\040\000D\000e\000s\000t\000r\000u\000c\000t\000o\000r\000\040\000D\000o\000c\000u\000m\000e\000n\000t\000a\000t\000i\000o\000n}{section.10.5}% 83
\BOOKMARK [3][-]{subsubsection.10.5.2.1}{\376\377\0001\0000\000.\0005\000.\0002\000.\0001\000\040\000P\000r\000i\000c\000e\000\050\000f\000l\000o\000a\000t\000\040\000G\000r\000o\000s\000s\000,\000\040\000f\000l\000o\000a\000t\000\040\000N\000e\000t\000,\000\040\000f\000l\000o\000a\000t\000\040\000T\000a\000x\000\051}{subsection.10.5.2}% 84
\BOOKMARK [2][-]{subsection.10.5.3}{\376\377\0001\0000\000.\0005\000.\0003\000\040\000M\000e\000m\000b\000e\000r\000\040\000F\000u\000n\000c\000t\000i\000o\000n\000\040\000D\000o\000c\000u\000m\000e\000n\000t\000a\000t\000i\000o\000n}{section.10.5}% 85
\BOOKMARK [3][-]{subsubsection.10.5.3.1}{\376\377\0001\0000\000.\0005\000.\0003\000.\0001\000\040\000g\000e\000t\000B\000r\000u\000t\000t\000o\000\050\000\051}{subsection.10.5.3}% 86
\BOOKMARK [3][-]{subsubsection.10.5.3.2}{\376\377\0001\0000\000.\0005\000.\0003\000.\0002\000\040\000g\000e\000t\000N\000e\000t\000t\000o\000\050\000\051}{subsection.10.5.3}% 87
\BOOKMARK [3][-]{subsubsection.10.5.3.3}{\376\377\0001\0000\000.\0005\000.\0003\000.\0003\000\040\000g\000e\000t\000S\000t\000e\000u\000e\000r\000\050\000\051}{subsection.10.5.3}% 88
\BOOKMARK [3][-]{subsubsection.10.5.3.4}{\376\377\0001\0000\000.\0005\000.\0003\000.\0004\000\040\000s\000e\000t\000B\000r\000u\000t\000t\000o\000\050\000f\000l\000o\000a\000t\000\040\000b\000r\000u\000t\000t\000o\000\051}{subsection.10.5.3}% 89
\BOOKMARK [3][-]{subsubsection.10.5.3.5}{\376\377\0001\0000\000.\0005\000.\0003\000.\0005\000\040\000s\000e\000t\000N\000e\000t\000t\000o\000\050\000f\000l\000o\000a\000t\000\040\000n\000e\000t\000t\000o\000\051}{subsection.10.5.3}% 90
\BOOKMARK [3][-]{subsubsection.10.5.3.6}{\376\377\0001\0000\000.\0005\000.\0003\000.\0006\000\040\000s\000e\000t\000S\000t\000e\000u\000e\000r\000\050\000f\000l\000o\000a\000t\000\040\000s\000t\000e\000u\000e\000r\000\051}{subsection.10.5.3}% 91
\BOOKMARK [1][-]{section.10.6}{\376\377\0001\0000\000.\0006\000\040\000R\000e\000d\000u\000c\000e\000d\000I\000n\000v\000o\000i\000c\000e\000.\000R\000I\000n\000v\000o\000i\000c\000e\000\040\000C\000l\000a\000s\000s\000\040\000R\000e\000f\000e\000r\000e\000n\000c\000e}{chapter.10}% 92
\BOOKMARK [2][-]{subsection.10.6.1}{\376\377\0001\0000\000.\0006\000.\0001\000\040\000D\000e\000t\000a\000i\000l\000e\000d\000\040\000D\000e\000s\000c\000r\000i\000p\000t\000i\000o\000n}{section.10.6}% 93
\BOOKMARK [2][-]{subsection.10.6.2}{\376\377\0001\0000\000.\0006\000.\0002\000\040\000C\000o\000n\000s\000t\000r\000u\000c\000t\000o\000r\000\040\000\046\000\040\000D\000e\000s\000t\000r\000u\000c\000t\000o\000r\000\040\000D\000o\000c\000u\000m\000e\000n\000t\000a\000t\000i\000o\000n}{section.10.6}% 94
\BOOKMARK [3][-]{subsubsection.10.6.2.1}{\376\377\0001\0000\000.\0006\000.\0002\000.\0001\000\040\000R\000I\000n\000v\000o\000i\000c\000e\000\050\000\051}{subsection.10.6.2}% 95
\BOOKMARK [2][-]{subsection.10.6.3}{\376\377\0001\0000\000.\0006\000.\0003\000\040\000M\000e\000m\000b\000e\000r\000\040\000F\000u\000n\000c\000t\000i\000o\000n\000\040\000D\000o\000c\000u\000m\000e\000n\000t\000a\000t\000i\000o\000n}{section.10.6}% 96
\BOOKMARK [3][-]{subsubsection.10.6.3.1}{\376\377\0001\0000\000.\0006\000.\0003\000.\0001\000\040\000a\000d\000d\000P\000o\000s\000i\000t\000i\000o\000n\000\050\000P\000o\000s\000i\000t\000i\000o\000n\000\040\000p\000\051}{subsection.10.6.3}% 97
\BOOKMARK [3][-]{subsubsection.10.6.3.2}{\376\377\0001\0000\000.\0006\000.\0003\000.\0002\000\040\000a\000d\000d\000P\000o\000s\000i\000t\000i\000o\000n\000\050\000S\000t\000r\000i\000n\000g\000\040\000d\000e\000s\000c\000,\000\040\000P\000r\000i\000c\000e\000\040\000p\000,\000\040\000S\000t\000r\000i\000n\000g\000\040\000m\000m\000,\000\040\000i\000n\000t\000\040\000a\000m\000o\000u\000n\000t\000,\000\040\000i\000n\000t\000\040\000t\000a\000x\000\051}{subsection.10.6.3}% 98
\BOOKMARK [3][-]{subsubsection.10.6.3.3}{\376\377\0001\0000\000.\0006\000.\0003\000.\0003\000\040\000g\000e\000t\000P\000o\000s\000i\000t\000i\000o\000n\000\050\000i\000n\000t\000\040\000i\000n\000d\000e\000x\000\051}{subsection.10.6.3}% 99
\BOOKMARK [3][-]{subsubsection.10.6.3.4}{\376\377\0001\0000\000.\0006\000.\0003\000.\0004\000\040\000g\000e\000t\000P\000o\000s\000i\000t\000i\000o\000n\000s\000\050\000\051}{subsection.10.6.3}% 100
\BOOKMARK [3][-]{subsubsection.10.6.3.5}{\376\377\0001\0000\000.\0006\000.\0003\000.\0005\000\040\000g\000e\000t\000P\000o\000s\000i\000t\000i\000o\000n\000s\000L\000e\000n\000g\000t\000h\000\050\000\051}{subsection.10.6.3}% 101
\BOOKMARK [3][-]{subsubsection.10.6.3.6}{\376\377\0001\0000\000.\0006\000.\0003\000.\0006\000\040\000s\000e\000t\000P\000o\000s\000i\000t\000i\000o\000n\000\050\000P\000o\000s\000i\000t\000i\000o\000n\000\040\000p\000o\000s\000i\000t\000i\000o\000n\000,\000\040\000i\000n\000t\000\040\000i\000n\000d\000e\000x\000\051}{subsection.10.6.3}% 102
\BOOKMARK [3][-]{subsubsection.10.6.3.7}{\376\377\0001\0000\000.\0006\000.\0003\000.\0007\000\040\000s\000e\000t\000P\000o\000s\000i\000t\000i\000o\000n\000A\000m\000o\000u\000n\000t\000\050\000i\000n\000t\000\040\000a\000m\000o\000u\000n\000t\000,\000\040\000i\000n\000t\000\040\000i\000n\000d\000e\000x\000\051}{subsection.10.6.3}% 103
\BOOKMARK [3][-]{subsubsection.10.6.3.8}{\376\377\0001\0000\000.\0006\000.\0003\000.\0008\000\040\000s\000e\000t\000P\000o\000s\000i\000t\000i\000o\000n\000D\000e\000s\000c\000r\000i\000p\000t\000i\000o\000n\000\050\000S\000t\000r\000i\000n\000g\000\040\000d\000e\000s\000c\000r\000i\000p\000t\000i\000o\000n\000,\000\040\000i\000n\000t\000\040\000i\000n\000d\000e\000x\000\051}{subsection.10.6.3}% 104
\BOOKMARK [3][-]{subsubsection.10.6.3.9}{\376\377\0001\0000\000.\0006\000.\0003\000.\0009\000\040\000s\000e\000t\000P\000o\000s\000i\000t\000i\000o\000n\000P\000r\000i\000c\000e\000\050\000P\000r\000i\000c\000e\000\040\000p\000r\000i\000c\000e\000,\000\040\000i\000n\000t\000\040\000i\000n\000d\000e\000x\000\051}{subsection.10.6.3}% 105
\BOOKMARK [3][-]{subsubsection.10.6.3.10}{\376\377\0001\0000\000.\0006\000.\0003\000.\0001\0000\000\040\000s\000e\000t\000P\000o\000s\000i\000t\000i\000o\000n\000T\000a\000x\000R\000a\000t\000e\000\050\000i\000n\000t\000\040\000t\000a\000x\000r\000a\000t\000e\000,\000\040\000i\000n\000t\000\040\000i\000n\000d\000e\000x\000\051}{subsection.10.6.3}% 106
\BOOKMARK [1][-]{section.10.7}{\376\377\0001\0000\000.\0007\000\040\000A\000p\000p\000l\000i\000c\000a\000t\000i\000o\000n\000.\000R\000u\000n\000\040\000C\000l\000a\000s\000s\000\040\000R\000e\000f\000e\000r\000e\000n\000c\000e}{chapter.10}% 107
\BOOKMARK [2][-]{subsection.10.7.1}{\376\377\0001\0000\000.\0007\000.\0001\000\040\000D\000e\000t\000a\000i\000l\000e\000d\000\040\000D\000e\000s\000c\000r\000i\000p\000t\000i\000o\000n}{section.10.7}% 108
\BOOKMARK [2][-]{subsection.10.7.2}{\376\377\0001\0000\000.\0007\000.\0002\000\040\000M\000e\000m\000b\000e\000r\000\040\000F\000u\000n\000c\000t\000i\000o\000n\000\040\000D\000o\000c\000u\000m\000e\000n\000t\000a\000t\000i\000o\000n}{section.10.7}% 109
\BOOKMARK [3][-]{subsubsection.10.7.2.1}{\376\377\0001\0000\000.\0007\000.\0002\000.\0001\000\040\000m\000a\000i\000n\000\050\000S\000t\000r\000i\000n\000g\000[\000]\000\040\000a\000r\000g\000s\000\051}{subsection.10.7.2}% 110
\BOOKMARK [1][-]{section.10.8}{\376\377\0001\0000\000.\0008\000\040\000I\000m\000p\000o\000r\000t\000.\000z\000u\000g\000f\000e\000r\000d\000H\000a\000n\000d\000l\000e\000r\000\040\000C\000l\000a\000s\000s\000\040\000R\000e\000f\000e\000r\000e\000n\000c\000e}{chapter.10}% 111
\BOOKMARK [2][-]{subsection.10.8.1}{\376\377\0001\0000\000.\0008\000.\0001\000\040\000D\000e\000t\000a\000i\000l\000e\000d\000\040\000D\000e\000s\000c\000r\000i\000p\000t\000i\000o\000n}{section.10.8}% 112
\BOOKMARK [2][-]{subsection.10.8.2}{\376\377\0001\0000\000.\0008\000.\0002\000\040\000M\000e\000m\000b\000e\000r\000\040\000F\000u\000n\000c\000t\000i\000o\000n\000\040\000D\000o\000c\000u\000m\000e\000n\000t\000a\000t\000i\000o\000n}{section.10.8}% 113
\BOOKMARK [3][-]{subsubsection.10.8.2.1}{\376\377\0001\0000\000.\0008\000.\0002\000.\0001\000\040\000g\000e\000t\000I\000n\000s\000t\000a\000n\000c\000e\000\050\000\051}{subsection.10.8.2}% 114
\BOOKMARK [3][-]{subsubsection.10.8.2.2}{\376\377\0001\0000\000.\0008\000.\0002\000.\0002\000\040\000g\000e\000t\000V\000i\000o\000l\000a\000t\000i\000o\000n\000s\000\050\000I\000n\000v\000o\000i\000c\000e\000\040\000i\000n\000v\000o\000i\000c\000e\000\051}{subsection.10.8.2}% 115
\BOOKMARK [3][-]{subsubsection.10.8.2.3}{\376\377\0001\0000\000.\0008\000.\0002\000.\0003\000\040\000h\000a\000s\000I\000n\000v\000a\000l\000i\000d\000\050\000L\000i\000s\000t\000<\000\040\000I\000n\000v\000o\000i\000c\000e\000\040\000>\000\040\000I\000n\000v\000o\000i\000c\000e\000L\000i\000s\000t\000\051}{subsection.10.8.2}% 116
\BOOKMARK [3][-]{subsubsection.10.8.2.4}{\376\377\0001\0000\000.\0008\000.\0002\000.\0004\000\040\000p\000r\000i\000n\000t\000S\000i\000n\000g\000l\000e\000I\000n\000v\000o\000i\000c\000e\000V\000i\000o\000l\000a\000t\000i\000o\000n\000s\000\050\000I\000n\000v\000o\000i\000c\000e\000\040\000i\000n\000v\000o\000i\000c\000e\000\051}{subsection.10.8.2}% 117
\BOOKMARK [3][-]{subsubsection.10.8.2.5}{\376\377\0001\0000\000.\0008\000.\0002\000.\0005\000\040\000p\000r\000i\000n\000t\000V\000i\000o\000l\000a\000t\000i\000o\000n\000s\000\050\000L\000i\000s\000t\000<\000\040\000I\000n\000v\000o\000i\000c\000e\000\040\000>\000\040\000I\000n\000v\000o\000i\000c\000e\000L\000i\000s\000t\000\051}{subsection.10.8.2}% 118
\BOOKMARK [3][-]{subsubsection.10.8.2.6}{\376\377\0001\0000\000.\0008\000.\0002\000.\0006\000\040\000r\000e\000a\000d\000I\000n\000v\000o\000i\000c\000e\000\050\000S\000t\000r\000i\000n\000g\000\040\000P\000a\000t\000h\000\051}{subsection.10.8.2}% 119
\BOOKMARK [3][-]{subsubsection.10.8.2.7}{\376\377\0001\0000\000.\0008\000.\0002\000.\0007\000\040\000r\000e\000a\000d\000I\000n\000v\000o\000i\000c\000e\000\050\000S\000t\000r\000i\000n\000g\000\040\000P\000a\000t\000h\000,\000\040\000L\000i\000s\000t\000<\000\040\000I\000n\000v\000o\000i\000c\000e\000\040\000>\000\040\000I\000n\000v\000o\000i\000c\000e\000L\000i\000s\000t\000,\000\040\000f\000i\000n\000a\000l\000\040\000b\000o\000o\000l\000e\000a\000n\000\040\000s\000e\000t\000L\000o\000g\000g\000i\000n\000g\000,\000\040\000f\000i\000n\000a\000l\000\040\000b\000o\000o\000l\000e\000a\000n\000\040\000s\000u\000p\000r\000e\000s\000s\000I\000n\000v\000a\000l\000i\000d\000\051}{subsection.10.8.2}% 120
\BOOKMARK [3][-]{subsubsection.10.8.2.8}{\376\377\0001\0000\000.\0008\000.\0002\000.\0008\000\040\000r\000e\000m\000o\000v\000e\000I\000n\000v\000a\000l\000i\000d\000\050\000L\000i\000s\000t\000<\000\040\000I\000n\000v\000o\000i\000c\000e\000\040\000>\000\040\000I\000n\000v\000o\000i\000c\000e\000L\000i\000s\000t\000\051}{subsection.10.8.2}% 121
\BOOKMARK [0][-]{chapter.11}{\376\377\0001\0001\000\040\000F\000i\000l\000e\000\040\000D\000o\000c\000u\000m\000e\000n\000t\000a\000t\000i\000o\000n}{}% 122
\BOOKMARK [1][-]{section.11.1}{\376\377\0001\0001\000.\0001\000\040\000C\000:\000/\000U\000s\000e\000r\000s\000/\000D\000e\000n\000i\000s\000/\000w\000o\000r\000k\000s\000p\000a\000c\000e\000/\000t\000a\000x\000s\000y\000n\000a\000p\000s\000e\000/\000s\000r\000c\000/\000m\000a\000i\000n\000/\000j\000a\000v\000a\000/\000A\000p\000p\000l\000i\000c\000a\000t\000i\000o\000n\000/\000R\000u\000n\000.\000j\000a\000v\000a\000\040\000F\000i\000l\000e\000\040\000R\000e\000f\000e\000r\000e\000n\000c\000e}{chapter.11}% 123
\BOOKMARK [1][-]{section.11.2}{\376\377\0001\0001\000.\0002\000\040\000C\000:\000/\000U\000s\000e\000r\000s\000/\000D\000e\000n\000i\000s\000/\000w\000o\000r\000k\000s\000p\000a\000c\000e\000/\000t\000a\000x\000s\000y\000n\000a\000p\000s\000e\000/\000s\000r\000c\000/\000m\000a\000i\000n\000/\000j\000a\000v\000a\000/\000I\000m\000p\000o\000r\000t\000/\000z\000u\000g\000f\000e\000r\000d\000H\000a\000n\000d\000l\000e\000r\000.\000j\000a\000v\000a\000\040\000F\000i\000l\000e\000\040\000R\000e\000f\000e\000r\000e\000n\000c\000e}{chapter.11}% 124
\BOOKMARK [1][-]{section.11.3}{\376\377\0001\0001\000.\0003\000\040\000C\000:\000/\000U\000s\000e\000r\000s\000/\000D\000e\000n\000i\000s\000/\000w\000o\000r\000k\000s\000p\000a\000c\000e\000/\000t\000a\000x\000s\000y\000n\000a\000p\000s\000e\000/\000s\000r\000c\000/\000m\000a\000i\000n\000/\000j\000a\000v\000a\000/\000R\000e\000d\000u\000c\000e\000d\000I\000n\000v\000o\000i\000c\000e\000/\000A\000I\000n\000v\000o\000i\000c\000e\000.\000j\000a\000v\000a\000\040\000F\000i\000l\000e\000\040\000R\000e\000f\000e\000r\000e\000n\000c\000e}{chapter.11}% 125
\BOOKMARK [1][-]{section.11.4}{\376\377\0001\0001\000.\0004\000\040\000C\000:\000/\000U\000s\000e\000r\000s\000/\000D\000e\000n\000i\000s\000/\000w\000o\000r\000k\000s\000p\000a\000c\000e\000/\000t\000a\000x\000s\000y\000n\000a\000p\000s\000e\000/\000s\000r\000c\000/\000m\000a\000i\000n\000/\000j\000a\000v\000a\000/\000R\000e\000d\000u\000c\000e\000d\000I\000n\000v\000o\000i\000c\000e\000/\000I\000n\000v\000o\000i\000c\000e\000R\000e\000d\000u\000c\000e\000r\000.\000j\000a\000v\000a\000\040\000F\000i\000l\000e\000\040\000R\000e\000f\000e\000r\000e\000n\000c\000e}{chapter.11}% 126
\BOOKMARK [1][-]{section.11.5}{\376\377\0001\0001\000.\0005\000\040\000C\000:\000/\000U\000s\000e\000r\000s\000/\000D\000e\000n\000i\000s\000/\000w\000o\000r\000k\000s\000p\000a\000c\000e\000/\000t\000a\000x\000s\000y\000n\000a\000p\000s\000e\000/\000s\000r\000c\000/\000m\000a\000i\000n\000/\000j\000a\000v\000a\000/\000R\000e\000d\000u\000c\000e\000d\000I\000n\000v\000o\000i\000c\000e\000/\000M\000e\000t\000a\000d\000a\000t\000a\000.\000j\000a\000v\000a\000\040\000F\000i\000l\000e\000\040\000R\000e\000f\000e\000r\000e\000n\000c\000e}{chapter.11}% 127
\BOOKMARK [1][-]{section.11.6}{\376\377\0001\0001\000.\0006\000\040\000C\000:\000/\000U\000s\000e\000r\000s\000/\000D\000e\000n\000i\000s\000/\000w\000o\000r\000k\000s\000p\000a\000c\000e\000/\000t\000a\000x\000s\000y\000n\000a\000p\000s\000e\000/\000s\000r\000c\000/\000m\000a\000i\000n\000/\000j\000a\000v\000a\000/\000R\000e\000d\000u\000c\000e\000d\000I\000n\000v\000o\000i\000c\000e\000/\000P\000o\000s\000i\000t\000i\000o\000n\000.\000j\000a\000v\000a\000\040\000F\000i\000l\000e\000\040\000R\000e\000f\000e\000r\000e\000n\000c\000e}{chapter.11}% 128
\BOOKMARK [1][-]{section.11.7}{\376\377\0001\0001\000.\0007\000\040\000C\000:\000/\000U\000s\000e\000r\000s\000/\000D\000e\000n\000i\000s\000/\000w\000o\000r\000k\000s\000p\000a\000c\000e\000/\000t\000a\000x\000s\000y\000n\000a\000p\000s\000e\000/\000s\000r\000c\000/\000m\000a\000i\000n\000/\000j\000a\000v\000a\000/\000R\000e\000d\000u\000c\000e\000d\000I\000n\000v\000o\000i\000c\000e\000/\000P\000r\000i\000c\000e\000.\000j\000a\000v\000a\000\040\000F\000i\000l\000e\000\040\000R\000e\000f\000e\000r\000e\000n\000c\000e}{chapter.11}% 129
\BOOKMARK [1][-]{section.11.8}{\376\377\0001\0001\000.\0008\000\040\000C\000:\000/\000U\000s\000e\000r\000s\000/\000D\000e\000n\000i\000s\000/\000w\000o\000r\000k\000s\000p\000a\000c\000e\000/\000t\000a\000x\000s\000y\000n\000a\000p\000s\000e\000/\000s\000r\000c\000/\000m\000a\000i\000n\000/\000j\000a\000v\000a\000/\000R\000e\000d\000u\000c\000e\000d\000I\000n\000v\000o\000i\000c\000e\000/\000R\000I\000n\000v\000o\000i\000c\000e\000.\000j\000a\000v\000a\000\040\000F\000i\000l\000e\000\040\000R\000e\000f\000e\000r\000e\000n\000c\000e}{chapter.11}% 130
\BOOKMARK [1][-]{section.11.9}{\376\377\0001\0001\000.\0009\000\040\000m\000a\000i\000n\000p\000a\000g\000e\000.\000t\000x\000t\000\040\000F\000i\000l\000e\000\040\000R\000e\000f\000e\000r\000e\000n\000c\000e}{chapter.11}% 131
\BOOKMARK [0][-]{section*.33}{\376\377\000I\000n\000d\000e\000x}{}% 132
